<?xml version="1.0" encoding="UTF-8"?>
<!-- Generated by org.testng.reporters.JUnitXMLReporter -->
<testsuite ignored="0" hostname="LAPTOP-BHKF9L3F" failures="3" tests="6" name="Logintestcase_001" time="59.971" errors="0" timestamp="2024-03-12T20:01:51 IST">
  <testcase classname="banking.testcases.TC_LoginTest_001" name="tc_logintest_001" time="5.347"/>
  <testcase classname="banking.testcases.TC_LoginTest_DP_001" name="tc_logintest_Dp" time="13.615"/>
  <testcase classname="banking.testcases.TC_LoginTest_DP_001" name="tc_logintest_Dp" time="6.27">
    <failure type="java.lang.AssertionError" message="expected [true] but found [false]">
      <![CDATA[java.lang.AssertionError: expected [true] but found [false]
at banking.testcases.TC_LoginTest_DP_001.tc_logintest_Dp(TC_LoginTest_DP_001.java:31)
at java.base/java.util.ArrayList.forEach(ArrayList.java:1511)
... Removed 31 stack frames]]>
    </failure>
  </testcase> <!-- tc_logintest_Dp -->
  <testcase classname="banking.testcases.TC_LoginTest_DP_001" name="tc_logintest_Dp" time="6.103">
    <failure type="java.lang.AssertionError" message="expected [true] but found [false]">
      <![CDATA[java.lang.AssertionError: expected [true] but found [false]
at banking.testcases.TC_LoginTest_DP_001.tc_logintest_Dp(TC_LoginTest_DP_001.java:31)
at java.base/java.util.ArrayList.forEach(ArrayList.java:1511)
... Removed 31 stack frames]]>
    </failure>
  </testcase> <!-- tc_logintest_Dp -->
  <testcase classname="banking.testcases.TC_LoginTest_DP_001" name="tc_logintest_Dp" time="6.83">
    <failure type="java.lang.AssertionError" message="expected [true] but found [false]">
      <![CDATA[java.lang.AssertionError: expected [true] but found [false]
at banking.testcases.TC_LoginTest_DP_001.tc_logintest_Dp(TC_LoginTest_DP_001.java:31)
at java.base/java.util.ArrayList.forEach(ArrayList.java:1511)
... Removed 31 stack frames]]>
    </failure>
  </testcase> <!-- tc_logintest_Dp -->
  <testcase classname="banking.testcases.TC_AddNewCust_002" name="addnecust" time="12.788"/>
</testsuite> <!-- Logintestcase_001 -->
