<?xml version="1.0" encoding="UTF-8"?>
<testng-results ignored="0" total="5" passed="5" failed="0" skipped="0">
  <reporter-output>
  </reporter-output>
  <suite started-at="2024-03-13T09:52:36 IST" name="Banking_Project" finished-at="2024-03-13T09:53:19 IST" duration-ms="43239">
    <groups>
    </groups>
    <test started-at="2024-03-13T09:52:36 IST" name="Logintestcase_001" finished-at="2024-03-13T09:53:19 IST" duration-ms="43239">
      <class name="banking.testcases.TC_LoginTest_DP_001">
        <test-method is-config="true" signature="launch(java.lang.String)[pri:0, instance:banking.testcases.TC_LoginTest_DP_001@661972b0]" started-at="2024-03-13T09:52:46 IST" name="launch" finished-at="2024-03-13T09:52:47 IST" duration-ms="1660" status="PASS">
          <params>
            <param index="0">
              <value>
                <![CDATA[chrome]]>
              </value>
            </param>
          </params>
          <reporter-output>
          </reporter-output>
        </test-method> <!-- launch -->
        <test-method signature="tc_logintest_Dp(java.lang.String,java.lang.String)[pri:0, instance:banking.testcases.TC_LoginTest_DP_001@661972b0]" started-at="2024-03-13T09:52:49 IST" name="tc_logintest_Dp" data-provider="testdataDP" finished-at="2024-03-13T09:53:01 IST" duration-ms="12691" status="PASS">
          <params>
            <param index="0">
              <value>
                <![CDATA[mngr558087]]>
              </value>
            </param>
            <param index="1">
              <value>
                <![CDATA[dequnEt]]>
              </value>
            </param>
          </params>
          <reporter-output>
          </reporter-output>
        </test-method> <!-- tc_logintest_Dp -->
        <test-method signature="tc_logintest_Dp(java.lang.String,java.lang.String)[pri:0, instance:banking.testcases.TC_LoginTest_DP_001@661972b0]" started-at="2024-03-13T09:53:01 IST" name="tc_logintest_Dp" data-provider="testdataDP" finished-at="2024-03-13T09:53:07 IST" duration-ms="5580" status="PASS">
          <params>
            <param index="0">
              <value>
                <![CDATA[mngr558087]]>
              </value>
            </param>
            <param index="1">
              <value>
                <![CDATA[dedffd]]>
              </value>
            </param>
          </params>
          <reporter-output>
          </reporter-output>
        </test-method> <!-- tc_logintest_Dp -->
        <test-method signature="tc_logintest_Dp(java.lang.String,java.lang.String)[pri:0, instance:banking.testcases.TC_LoginTest_DP_001@661972b0]" started-at="2024-03-13T09:53:07 IST" name="tc_logintest_Dp" data-provider="testdataDP" finished-at="2024-03-13T09:53:13 IST" duration-ms="6140" status="PASS">
          <params>
            <param index="0">
              <value>
                <![CDATA[ewfccc]]>
              </value>
            </param>
            <param index="1">
              <value>
                <![CDATA[dequnEt]]>
              </value>
            </param>
          </params>
          <reporter-output>
          </reporter-output>
        </test-method> <!-- tc_logintest_Dp -->
        <test-method signature="tc_logintest_Dp(java.lang.String,java.lang.String)[pri:0, instance:banking.testcases.TC_LoginTest_DP_001@661972b0]" started-at="2024-03-13T09:53:13 IST" name="tc_logintest_Dp" data-provider="testdataDP" finished-at="2024-03-13T09:53:19 IST" duration-ms="6092" status="PASS">
          <params>
            <param index="0">
              <value>
                <![CDATA[sdcdsfv]]>
              </value>
            </param>
            <param index="1">
              <value>
                <![CDATA[4dcsvc]]>
              </value>
            </param>
          </params>
          <reporter-output>
          </reporter-output>
        </test-method> <!-- tc_logintest_Dp -->
        <test-method is-config="true" signature="teardown()[pri:0, instance:banking.testcases.TC_LoginTest_DP_001@661972b0]" started-at="2024-03-13T09:53:19 IST" name="teardown" finished-at="2024-03-13T09:53:19 IST" duration-ms="176" status="PASS">
          <reporter-output>
          </reporter-output>
        </test-method> <!-- teardown -->
      </class> <!-- banking.testcases.TC_LoginTest_DP_001 -->
      <class name="banking.testcases.TC_LoginTest_001">
        <test-method is-config="true" signature="launch(java.lang.String)[pri:0, instance:banking.testcases.TC_LoginTest_001@6e20b53a]" started-at="2024-03-13T09:52:37 IST" name="launch" finished-at="2024-03-13T09:52:39 IST" duration-ms="2738" status="PASS">
          <params>
            <param index="0">
              <value>
                <![CDATA[chrome]]>
              </value>
            </param>
          </params>
          <reporter-output>
          </reporter-output>
        </test-method> <!-- launch -->
        <test-method signature="tc_logintest_001()[pri:0, instance:banking.testcases.TC_LoginTest_001@6e20b53a]" started-at="2024-03-13T09:52:39 IST" name="tc_logintest_001" finished-at="2024-03-13T09:52:45 IST" duration-ms="5993" status="PASS">
          <reporter-output>
          </reporter-output>
        </test-method> <!-- tc_logintest_001 -->
        <test-method is-config="true" signature="teardown()[pri:0, instance:banking.testcases.TC_LoginTest_001@6e20b53a]" started-at="2024-03-13T09:52:45 IST" name="teardown" finished-at="2024-03-13T09:52:46 IST" duration-ms="151" status="PASS">
          <reporter-output>
          </reporter-output>
        </test-method> <!-- teardown -->
      </class> <!-- banking.testcases.TC_LoginTest_001 -->
    </test> <!-- Logintestcase_001 -->
  </suite> <!-- Banking_Project -->
</testng-results>
