<?xml version="1.0" encoding="UTF-8"?>
<testng-results ignored="0" total="5" passed="5" failed="0" skipped="0">
  <reporter-output>
  </reporter-output>
  <suite started-at="2024-03-12T22:08:46 IST" name="Banking_Project" finished-at="2024-03-12T22:09:25 IST" duration-ms="39904">
    <groups>
    </groups>
    <test started-at="2024-03-12T22:08:46 IST" name="Logintestcase_001" finished-at="2024-03-12T22:09:25 IST" duration-ms="39904">
      <class name="banking.testcases.TC_LoginTest_DP_001">
        <test-method is-config="true" signature="launch(java.lang.String)[pri:0, instance:banking.testcases.TC_LoginTest_DP_001@661972b0]" started-at="2024-03-12T22:08:55 IST" name="launch" finished-at="2024-03-12T22:08:56 IST" duration-ms="1289" status="PASS">
          <params>
            <param index="0">
              <value>
                <![CDATA[chrome]]>
              </value>
            </param>
          </params>
          <reporter-output>
          </reporter-output>
        </test-method> <!-- launch -->
        <test-method signature="tc_logintest_Dp(java.lang.String,java.lang.String)[pri:0, instance:banking.testcases.TC_LoginTest_DP_001@661972b0]" started-at="2024-03-12T22:08:57 IST" name="tc_logintest_Dp" data-provider="testdataDP" finished-at="2024-03-12T22:09:09 IST" duration-ms="12016" status="PASS">
          <params>
            <param index="0">
              <value>
                <![CDATA[mngr558087]]>
              </value>
            </param>
            <param index="1">
              <value>
                <![CDATA[dequnEt]]>
              </value>
            </param>
          </params>
          <reporter-output>
          </reporter-output>
        </test-method> <!-- tc_logintest_Dp -->
        <test-method signature="tc_logintest_Dp(java.lang.String,java.lang.String)[pri:0, instance:banking.testcases.TC_LoginTest_DP_001@661972b0]" started-at="2024-03-12T22:09:09 IST" name="tc_logintest_Dp" data-provider="testdataDP" finished-at="2024-03-12T22:09:14 IST" duration-ms="5297" status="PASS">
          <params>
            <param index="0">
              <value>
                <![CDATA[mngr558087]]>
              </value>
            </param>
            <param index="1">
              <value>
                <![CDATA[dedffd]]>
              </value>
            </param>
          </params>
          <reporter-output>
          </reporter-output>
        </test-method> <!-- tc_logintest_Dp -->
        <test-method signature="tc_logintest_Dp(java.lang.String,java.lang.String)[pri:0, instance:banking.testcases.TC_LoginTest_DP_001@661972b0]" started-at="2024-03-12T22:09:14 IST" name="tc_logintest_Dp" data-provider="testdataDP" finished-at="2024-03-12T22:09:20 IST" duration-ms="5752" status="PASS">
          <params>
            <param index="0">
              <value>
                <![CDATA[ewfccc]]>
              </value>
            </param>
            <param index="1">
              <value>
                <![CDATA[dequnEt]]>
              </value>
            </param>
          </params>
          <reporter-output>
          </reporter-output>
        </test-method> <!-- tc_logintest_Dp -->
        <test-method signature="tc_logintest_Dp(java.lang.String,java.lang.String)[pri:0, instance:banking.testcases.TC_LoginTest_DP_001@661972b0]" started-at="2024-03-12T22:09:20 IST" name="tc_logintest_Dp" data-provider="testdataDP" finished-at="2024-03-12T22:09:25 IST" duration-ms="5217" status="PASS">
          <params>
            <param index="0">
              <value>
                <![CDATA[sdcdsfv]]>
              </value>
            </param>
            <param index="1">
              <value>
                <![CDATA[4dcsvc]]>
              </value>
            </param>
          </params>
          <reporter-output>
          </reporter-output>
        </test-method> <!-- tc_logintest_Dp -->
        <test-method is-config="true" signature="teardown()[pri:0, instance:banking.testcases.TC_LoginTest_DP_001@661972b0]" started-at="2024-03-12T22:09:25 IST" name="teardown" finished-at="2024-03-12T22:09:25 IST" duration-ms="51" status="PASS">
          <reporter-output>
          </reporter-output>
        </test-method> <!-- teardown -->
      </class> <!-- banking.testcases.TC_LoginTest_DP_001 -->
      <class name="banking.testcases.TC_LoginTest_001">
        <test-method is-config="true" signature="launch(java.lang.String)[pri:0, instance:banking.testcases.TC_LoginTest_001@6e20b53a]" started-at="2024-03-12T22:08:46 IST" name="launch" finished-at="2024-03-12T22:08:49 IST" duration-ms="2618" status="PASS">
          <params>
            <param index="0">
              <value>
                <![CDATA[chrome]]>
              </value>
            </param>
          </params>
          <reporter-output>
          </reporter-output>
        </test-method> <!-- launch -->
        <test-method signature="tc_logintest_001()[pri:0, instance:banking.testcases.TC_LoginTest_001@6e20b53a]" started-at="2024-03-12T22:08:49 IST" name="tc_logintest_001" finished-at="2024-03-12T22:08:55 IST" duration-ms="6084" status="PASS">
          <reporter-output>
          </reporter-output>
        </test-method> <!-- tc_logintest_001 -->
        <test-method is-config="true" signature="teardown()[pri:0, instance:banking.testcases.TC_LoginTest_001@6e20b53a]" started-at="2024-03-12T22:08:55 IST" name="teardown" finished-at="2024-03-12T22:08:55 IST" duration-ms="56" status="PASS">
          <reporter-output>
          </reporter-output>
        </test-method> <!-- teardown -->
      </class> <!-- banking.testcases.TC_LoginTest_001 -->
    </test> <!-- Logintestcase_001 -->
  </suite> <!-- Banking_Project -->
</testng-results>
