<?xml version="1.0" encoding="UTF-8"?>
<testng-results ignored="0" total="1" passed="1" failed="0" skipped="0">
  <reporter-output>
  </reporter-output>
  <suite started-at="2024-03-11T23:17:48 IST" name="Banking_Project" finished-at="2024-03-11T23:17:57 IST" duration-ms="8806">
    <groups>
    </groups>
    <test started-at="2024-03-11T23:17:48 IST" name="Logintestcase_001" finished-at="2024-03-11T23:17:57 IST" duration-ms="8806">
      <class name="banking.testcases.TC_LoginTest_001">
        <test-method is-config="true" signature="launch(java.lang.String)[pri:0, instance:banking.testcases.TC_LoginTest_001@449a4f23]" started-at="2024-03-11T23:17:49 IST" name="launch" finished-at="2024-03-11T23:17:51 IST" duration-ms="2214" status="PASS">
          <params>
            <param index="0">
              <value>
                <![CDATA[chrome]]>
              </value>
            </param>
          </params>
          <reporter-output>
          </reporter-output>
        </test-method> <!-- launch -->
        <test-method signature="tc_logintest_001()[pri:0, instance:banking.testcases.TC_LoginTest_001@449a4f23]" started-at="2024-03-11T23:17:51 IST" name="tc_logintest_001" finished-at="2024-03-11T23:17:57 IST" duration-ms="5975" status="PASS">
          <reporter-output>
          </reporter-output>
        </test-method> <!-- tc_logintest_001 -->
        <test-method is-config="true" signature="teardown()[pri:0, instance:banking.testcases.TC_LoginTest_001@449a4f23]" started-at="2024-03-11T23:17:57 IST" name="teardown" finished-at="2024-03-11T23:17:57 IST" duration-ms="127" status="PASS">
          <reporter-output>
          </reporter-output>
        </test-method> <!-- teardown -->
      </class> <!-- banking.testcases.TC_LoginTest_001 -->
    </test> <!-- Logintestcase_001 -->
  </suite> <!-- Banking_Project -->
</testng-results>
