<?xml version="1.0" encoding="UTF-8"?>
<!-- Generated by org.testng.reporters.JUnitXMLReporter -->
<testsuite ignored="0" hostname="LAPTOP-BHKF9L3F" failures="0" tests="5" name="Logintestcase_001" time="39.904" errors="0" timestamp="2024-03-12T22:09:26 IST">
  <testcase classname="banking.testcases.TC_LoginTest_001" name="tc_logintest_001" time="6.084"/>
  <testcase classname="banking.testcases.TC_LoginTest_DP_001" name="tc_logintest_Dp" time="12.016"/>
  <testcase classname="banking.testcases.TC_LoginTest_DP_001" name="tc_logintest_Dp" time="5.297"/>
  <testcase classname="banking.testcases.TC_LoginTest_DP_001" name="tc_logintest_Dp" time="5.752"/>
  <testcase classname="banking.testcases.TC_LoginTest_DP_001" name="tc_logintest_Dp" time="5.217"/>
</testsuite> <!-- Logintestcase_001 -->
