<?xml version="1.0" encoding="UTF-8"?>
<!-- Generated by org.testng.reporters.JUnitXMLReporter -->
<testsuite ignored="0" hostname="LAPTOP-BHKF9L3F" failures="0" tests="5" name="Logintestcase_001" time="43.239" errors="0" timestamp="2024-03-13T09:53:20 IST">
  <testcase classname="banking.testcases.TC_LoginTest_001" name="tc_logintest_001" time="5.993"/>
  <testcase classname="banking.testcases.TC_LoginTest_DP_001" name="tc_logintest_Dp" time="12.691"/>
  <testcase classname="banking.testcases.TC_LoginTest_DP_001" name="tc_logintest_Dp" time="5.58"/>
  <testcase classname="banking.testcases.TC_LoginTest_DP_001" name="tc_logintest_Dp" time="6.14"/>
  <testcase classname="banking.testcases.TC_LoginTest_DP_001" name="tc_logintest_Dp" time="6.092"/>
</testsuite> <!-- Logintestcase_001 -->
